c:\dev\animare\animare\x64\debug\vc143.pdb
c:\dev\animare\animare\x64\debug\vc143.idb
c:\dev\animare\animare\x64\debug\renderer.obj
c:\dev\animare\animare\x64\debug\vec3.obj
c:\dev\animare\animare\x64\debug\main.obj
c:\dev\animare\animare\x64\debug\shader.obj
c:\dev\animare\animare\x64\debug\tiny_gltf.obj
c:\dev\animare\animare\x64\debug\camera.obj
c:\dev\animare\animare\x64\debug\glm.obj
c:\dev\animare\animare\x64\debug\glad.obj
c:\dev\animare\animare\x64\debug\mesh.obj
c:\dev\animare\animare\x64\debug\track.obj
c:\dev\animare\x64\debug\animare.exe
c:\dev\animare\animare\x64\debug\animare.ilk
c:\dev\animare\x64\debug\animare.pdb
c:\dev\animare\animare\x64\debug\bezier.obj
c:\dev\animare\animare\x64\debug\animare.tlog\cl.command.1.tlog
c:\dev\animare\animare\x64\debug\animare.tlog\cl.items.tlog
c:\dev\animare\animare\x64\debug\animare.tlog\cl.read.1.tlog
c:\dev\animare\animare\x64\debug\animare.tlog\cl.write.1.tlog
c:\dev\animare\animare\x64\debug\animare.tlog\link.command.1.tlog
c:\dev\animare\animare\x64\debug\animare.tlog\link.read.1.tlog
c:\dev\animare\animare\x64\debug\animare.tlog\link.write.1.tlog
